<?xml version="1.0" encoding="UTF-8"?>
<testsuite xmlns:xsi="http://www.w3.org/2001/XMLSchema-instance" xsi:noNamespaceSchemaLocation="https://maven.apache.org/surefire/maven-surefire-plugin/xsd/surefire-test-report-3.0.xsd" version="3.0" name="TestSuite" time="45.464" tests="2" errors="0" skipped="0" failures="1">
  <properties>
    <property name="sun.desktop" value="windows"/>
    <property name="awt.toolkit" value="sun.awt.windows.WToolkit"/>
    <property name="file.encoding.pkg" value="sun.io"/>
    <property name="java.specification.version" value="1.8"/>
    <property name="sun.cpu.isalist" value="amd64"/>
    <property name="sun.jnu.encoding" value="Cp1252"/>
    <property name="java.class.path" value="D:\Ajit\Selenium Projects\New Batches\Evening\March2019\WeekendMarch_AutomationFramework\target\test-classes;D:\Ajit\Selenium Projects\New Batches\Evening\March2019\WeekendMarch_AutomationFramework\target\classes;C:\Users\Ajith\.m2\repository\org\seleniumhq\selenium\selenium-server\3.8.1\selenium-server-3.8.1.jar;C:\Users\Ajith\.m2\repository\org\seleniumhq\selenium\selenium-java\3.8.1\selenium-java-3.8.1.jar;C:\Users\Ajith\.m2\repository\org\seleniumhq\selenium\selenium-api\3.8.1\selenium-api-3.8.1.jar;C:\Users\Ajith\.m2\repository\org\seleniumhq\selenium\selenium-chrome-driver\3.8.1\selenium-chrome-driver-3.8.1.jar;C:\Users\Ajith\.m2\repository\org\seleniumhq\selenium\selenium-edge-driver\3.8.1\selenium-edge-driver-3.8.1.jar;C:\Users\Ajith\.m2\repository\org\seleniumhq\selenium\selenium-firefox-driver\3.8.1\selenium-firefox-driver-3.8.1.jar;C:\Users\Ajith\.m2\repository\org\seleniumhq\selenium\selenium-ie-driver\3.8.1\selenium-ie-driver-3.8.1.jar;C:\Users\Ajith\.m2\repository\org\seleniumhq\selenium\selenium-opera-driver\3.8.1\selenium-opera-driver-3.8.1.jar;C:\Users\Ajith\.m2\repository\org\seleniumhq\selenium\selenium-remote-driver\3.8.1\selenium-remote-driver-3.8.1.jar;C:\Users\Ajith\.m2\repository\org\seleniumhq\selenium\selenium-safari-driver\3.8.1\selenium-safari-driver-3.8.1.jar;C:\Users\Ajith\.m2\repository\org\seleniumhq\selenium\selenium-support\3.8.1\selenium-support-3.8.1.jar;C:\Users\Ajith\.m2\repository\com\beust\jcommander\1.48\jcommander-1.48.jar;C:\Users\Ajith\.m2\repository\net\bytebuddy\byte-buddy\1.7.5\byte-buddy-1.7.5.jar;C:\Users\Ajith\.m2\repository\org\apache\commons\commons-exec\1.3\commons-exec-1.3.jar;C:\Users\Ajith\.m2\repository\org\apache\commons\commons-lang3\3.7\commons-lang3-3.7.jar;C:\Users\Ajith\.m2\repository\org\apache\commons\commons-text\1.1\commons-text-1.1.jar;C:\Users\Ajith\.m2\repository\commons-logging\commons-logging\1.2\commons-logging-1.2.jar;C:\Users\Ajith\.m2\repository\commons-net\commons-net\3.6\commons-net-3.6.jar;C:\Users\Ajith\.m2\repository\org\w3c\css\sac\1.3\sac-1.3.jar;C:\Users\Ajith\.m2\repository\net\sourceforge\cssparser\cssparser\0.9.24\cssparser-0.9.24.jar;C:\Users\Ajith\.m2\repository\com\google\code\gson\gson\2.8.2\gson-2.8.2.jar;C:\Users\Ajith\.m2\repository\com\google\guava\guava\23.0\guava-23.0.jar;C:\Users\Ajith\.m2\repository\com\google\code\findbugs\jsr305\1.3.9\jsr305-1.3.9.jar;C:\Users\Ajith\.m2\repository\com\google\errorprone\error_prone_annotations\2.0.18\error_prone_annotations-2.0.18.jar;C:\Users\Ajith\.m2\repository\com\google\j2objc\j2objc-annotations\1.1\j2objc-annotations-1.1.jar;C:\Users\Ajith\.m2\repository\org\codehaus\mojo\animal-sniffer-annotations\1.14\animal-sniffer-annotations-1.14.jar;C:\Users\Ajith\.m2\repository\net\sourceforge\htmlunit\htmlunit\2.28\htmlunit-2.28.jar;C:\Users\Ajith\.m2\repository\net\sourceforge\htmlunit\htmlunit-core-js\2.28\htmlunit-core-js-2.28.jar;C:\Users\Ajith\.m2\repository\net\sourceforge\htmlunit\neko-htmlunit\2.28\neko-htmlunit-2.28.jar;C:\Users\Ajith\.m2\repository\org\apache\httpcomponents\httpclient\4.5.3\httpclient-4.5.3.jar;C:\Users\Ajith\.m2\repository\org\apache\httpcomponents\httpcore\4.4.6\httpcore-4.4.6.jar;C:\Users\Ajith\.m2\repository\org\apache\httpcomponents\httpmime\4.5.3\httpmime-4.5.3.jar;C:\Users\Ajith\.m2\repository\net\jcip\jcip-annotations\1.0\jcip-annotations-1.0.jar;C:\Users\Ajith\.m2\repository\org\seleniumhq\selenium\jetty-repacked\9.4.7.v20170914\jetty-repacked-9.4.7.v20170914.jar;C:\Users\Ajith\.m2\repository\org\eclipse\jetty\jetty-client\9.4.7.v20170914\jetty-client-9.4.7.v20170914.jar;C:\Users\Ajith\.m2\repository\org\eclipse\jetty\jetty-http\9.4.7.v20170914\jetty-http-9.4.7.v20170914.jar;C:\Users\Ajith\.m2\repository\org\eclipse\jetty\jetty-io\9.4.7.v20170914\jetty-io-9.4.7.v20170914.jar;C:\Users\Ajith\.m2\repository\org\eclipse\jetty\jetty-util\9.4.7.v20170914\jetty-util-9.4.7.v20170914.jar;C:\Users\Ajith\.m2\repository\org\eclipse\jetty\jetty-xml\9.4.7.v20170914\jetty-xml-9.4.7.v20170914.jar;C:\Users\Ajith\.m2\repository\org\seleniumhq\selenium\htmlunit-driver\2.28\htmlunit-driver-2.28.jar;C:\Users\Ajith\.m2\repository\javax\servlet\javax.servlet-api\3.1.0\javax.servlet-api-3.1.0.jar;C:\Users\Ajith\.m2\repository\org\eclipse\jetty\websocket\websocket-api\9.4.7.v20170914\websocket-api-9.4.7.v20170914.jar;C:\Users\Ajith\.m2\repository\org\eclipse\jetty\websocket\websocket-client\9.4.7.v20170914\websocket-client-9.4.7.v20170914.jar;C:\Users\Ajith\.m2\repository\org\eclipse\jetty\websocket\websocket-common\9.4.7.v20170914\websocket-common-9.4.7.v20170914.jar;C:\Users\Ajith\.m2\repository\xalan\serializer\2.7.2\serializer-2.7.2.jar;C:\Users\Ajith\.m2\repository\xalan\xalan\2.7.2\xalan-2.7.2.jar;C:\Users\Ajith\.m2\repository\xerces\xercesImpl\2.11.0\xercesImpl-2.11.0.jar;C:\Users\Ajith\.m2\repository\xml-apis\xml-apis\1.4.01\xml-apis-1.4.01.jar;C:\Users\Ajith\.m2\repository\org\yaml\snakeyaml\1.15\snakeyaml-1.15.jar;C:\Users\Ajith\.m2\repository\org\testng\testng\6.14.2\testng-6.14.2.jar;C:\Users\Ajith\.m2\repository\org\apache-extras\beanshell\bsh\2.0b6\bsh-2.0b6.jar;C:\Users\Ajith\.m2\repository\org\apache\poi\poi\3.17\poi-3.17.jar;C:\Users\Ajith\.m2\repository\org\apache\commons\commons-collections4\4.1\commons-collections4-4.1.jar;C:\Users\Ajith\.m2\repository\org\apache\poi\poi-ooxml\3.17\poi-ooxml-3.17.jar;C:\Users\Ajith\.m2\repository\org\apache\poi\poi-scratchpad\3.17\poi-scratchpad-3.17.jar;C:\Users\Ajith\.m2\repository\org\apache\poi\poi-ooxml-schemas\3.17\poi-ooxml-schemas-3.17.jar;C:\Users\Ajith\.m2\repository\org\apache\poi\poi-examples\3.17\poi-examples-3.17.jar;C:\Users\Ajith\.m2\repository\org\apache\poi\poi-excelant\3.17\poi-excelant-3.17.jar;C:\Users\Ajith\.m2\repository\org\apache\ant\ant\1.8.2\ant-1.8.2.jar;C:\Users\Ajith\.m2\repository\org\apache\ant\ant-launcher\1.8.2\ant-launcher-1.8.2.jar;C:\Users\Ajith\.m2\repository\commons-codec\commons-codec\1.11\commons-codec-1.11.jar;C:\Users\Ajith\.m2\repository\commons-io\commons-io\2.6\commons-io-2.6.jar;C:\Users\Ajith\.m2\repository\commons-logging\commons-logging-api\1.1\commons-logging-api-1.1.jar;C:\Users\Ajith\.m2\repository\com\github\virtuald\curvesapi\1.05\curvesapi-1.05.jar;C:\Users\Ajith\.m2\repository\org\apache\xmlbeans\xmlbeans\2.6.0\xmlbeans-2.6.0.jar;C:\Users\Ajith\.m2\repository\stax\stax-api\1.0.1\stax-api-1.0.1.jar;C:\Users\Ajith\.m2\repository\org\apache\logging\log4j\log4j-core\2.9.1\log4j-core-2.9.1.jar;C:\Users\Ajith\.m2\repository\org\apache\logging\log4j\log4j-api\2.9.1\log4j-api-2.9.1.jar;C:\Users\Ajith\.m2\repository\com\relevantcodes\extentreports\2.41.2\extentreports-2.41.2.jar;C:\Users\Ajith\.m2\repository\org\jsoup\jsoup\1.8.3\jsoup-1.8.3.jar;C:\Users\Ajith\.m2\repository\org\xerial\sqlite-jdbc\3.8.11.1\sqlite-jdbc-3.8.11.1.jar;C:\Users\Ajith\.m2\repository\org\freemarker\freemarker\2.3.23\freemarker-2.3.23.jar;C:\Users\Ajith\.m2\repository\org\mongodb\mongodb-driver\3.0.4\mongodb-driver-3.0.4.jar;C:\Users\Ajith\.m2\repository\org\mongodb\bson\3.0.4\bson-3.0.4.jar;C:\Users\Ajith\.m2\repository\org\mongodb\mongodb-driver-core\3.0.4\mongodb-driver-core-3.0.4.jar;"/>
    <property name="java.vm.vendor" value="Oracle Corporation"/>
    <property name="sun.arch.data.model" value="64"/>
    <property name="user.variant" value=""/>
    <property name="java.vendor.url" value="http://java.oracle.com/"/>
    <property name="user.timezone" value="Asia/Calcutta"/>
    <property name="java.vm.specification.version" value="1.8"/>
    <property name="os.name" value="Windows 7"/>
    <property name="user.country" value="IN"/>
    <property name="sun.java.launcher" value="SUN_STANDARD"/>
    <property name="sun.boot.library.path" value="C:\Program Files\Java\jdk1.8.0_144\jre\bin"/>
    <property name="sun.java.command" value="C:\Users\Ajith\AppData\Local\Temp\surefire6953315299679108016\surefirebooter3505902847397725669.jar C:\Users\Ajith\AppData\Local\Temp\surefire6953315299679108016 2019-04-13T14-14-16_489-jvmRun1 surefire6525403703293735827tmp surefire_04065422334002452740tmp"/>
    <property name="surefire.test.class.path" value="D:\Ajit\Selenium Projects\New Batches\Evening\March2019\WeekendMarch_AutomationFramework\target\test-classes;D:\Ajit\Selenium Projects\New Batches\Evening\March2019\WeekendMarch_AutomationFramework\target\classes;C:\Users\Ajith\.m2\repository\org\seleniumhq\selenium\selenium-server\3.8.1\selenium-server-3.8.1.jar;C:\Users\Ajith\.m2\repository\org\seleniumhq\selenium\selenium-java\3.8.1\selenium-java-3.8.1.jar;C:\Users\Ajith\.m2\repository\org\seleniumhq\selenium\selenium-api\3.8.1\selenium-api-3.8.1.jar;C:\Users\Ajith\.m2\repository\org\seleniumhq\selenium\selenium-chrome-driver\3.8.1\selenium-chrome-driver-3.8.1.jar;C:\Users\Ajith\.m2\repository\org\seleniumhq\selenium\selenium-edge-driver\3.8.1\selenium-edge-driver-3.8.1.jar;C:\Users\Ajith\.m2\repository\org\seleniumhq\selenium\selenium-firefox-driver\3.8.1\selenium-firefox-driver-3.8.1.jar;C:\Users\Ajith\.m2\repository\org\seleniumhq\selenium\selenium-ie-driver\3.8.1\selenium-ie-driver-3.8.1.jar;C:\Users\Ajith\.m2\repository\org\seleniumhq\selenium\selenium-opera-driver\3.8.1\selenium-opera-driver-3.8.1.jar;C:\Users\Ajith\.m2\repository\org\seleniumhq\selenium\selenium-remote-driver\3.8.1\selenium-remote-driver-3.8.1.jar;C:\Users\Ajith\.m2\repository\org\seleniumhq\selenium\selenium-safari-driver\3.8.1\selenium-safari-driver-3.8.1.jar;C:\Users\Ajith\.m2\repository\org\seleniumhq\selenium\selenium-support\3.8.1\selenium-support-3.8.1.jar;C:\Users\Ajith\.m2\repository\com\beust\jcommander\1.48\jcommander-1.48.jar;C:\Users\Ajith\.m2\repository\net\bytebuddy\byte-buddy\1.7.5\byte-buddy-1.7.5.jar;C:\Users\Ajith\.m2\repository\org\apache\commons\commons-exec\1.3\commons-exec-1.3.jar;C:\Users\Ajith\.m2\repository\org\apache\commons\commons-lang3\3.7\commons-lang3-3.7.jar;C:\Users\Ajith\.m2\repository\org\apache\commons\commons-text\1.1\commons-text-1.1.jar;C:\Users\Ajith\.m2\repository\commons-logging\commons-logging\1.2\commons-logging-1.2.jar;C:\Users\Ajith\.m2\repository\commons-net\commons-net\3.6\commons-net-3.6.jar;C:\Users\Ajith\.m2\repository\org\w3c\css\sac\1.3\sac-1.3.jar;C:\Users\Ajith\.m2\repository\net\sourceforge\cssparser\cssparser\0.9.24\cssparser-0.9.24.jar;C:\Users\Ajith\.m2\repository\com\google\code\gson\gson\2.8.2\gson-2.8.2.jar;C:\Users\Ajith\.m2\repository\com\google\guava\guava\23.0\guava-23.0.jar;C:\Users\Ajith\.m2\repository\com\google\code\findbugs\jsr305\1.3.9\jsr305-1.3.9.jar;C:\Users\Ajith\.m2\repository\com\google\errorprone\error_prone_annotations\2.0.18\error_prone_annotations-2.0.18.jar;C:\Users\Ajith\.m2\repository\com\google\j2objc\j2objc-annotations\1.1\j2objc-annotations-1.1.jar;C:\Users\Ajith\.m2\repository\org\codehaus\mojo\animal-sniffer-annotations\1.14\animal-sniffer-annotations-1.14.jar;C:\Users\Ajith\.m2\repository\net\sourceforge\htmlunit\htmlunit\2.28\htmlunit-2.28.jar;C:\Users\Ajith\.m2\repository\net\sourceforge\htmlunit\htmlunit-core-js\2.28\htmlunit-core-js-2.28.jar;C:\Users\Ajith\.m2\repository\net\sourceforge\htmlunit\neko-htmlunit\2.28\neko-htmlunit-2.28.jar;C:\Users\Ajith\.m2\repository\org\apache\httpcomponents\httpclient\4.5.3\httpclient-4.5.3.jar;C:\Users\Ajith\.m2\repository\org\apache\httpcomponents\httpcore\4.4.6\httpcore-4.4.6.jar;C:\Users\Ajith\.m2\repository\org\apache\httpcomponents\httpmime\4.5.3\httpmime-4.5.3.jar;C:\Users\Ajith\.m2\repository\net\jcip\jcip-annotations\1.0\jcip-annotations-1.0.jar;C:\Users\Ajith\.m2\repository\org\seleniumhq\selenium\jetty-repacked\9.4.7.v20170914\jetty-repacked-9.4.7.v20170914.jar;C:\Users\Ajith\.m2\repository\org\eclipse\jetty\jetty-client\9.4.7.v20170914\jetty-client-9.4.7.v20170914.jar;C:\Users\Ajith\.m2\repository\org\eclipse\jetty\jetty-http\9.4.7.v20170914\jetty-http-9.4.7.v20170914.jar;C:\Users\Ajith\.m2\repository\org\eclipse\jetty\jetty-io\9.4.7.v20170914\jetty-io-9.4.7.v20170914.jar;C:\Users\Ajith\.m2\repository\org\eclipse\jetty\jetty-util\9.4.7.v20170914\jetty-util-9.4.7.v20170914.jar;C:\Users\Ajith\.m2\repository\org\eclipse\jetty\jetty-xml\9.4.7.v20170914\jetty-xml-9.4.7.v20170914.jar;C:\Users\Ajith\.m2\repository\org\seleniumhq\selenium\htmlunit-driver\2.28\htmlunit-driver-2.28.jar;C:\Users\Ajith\.m2\repository\javax\servlet\javax.servlet-api\3.1.0\javax.servlet-api-3.1.0.jar;C:\Users\Ajith\.m2\repository\org\eclipse\jetty\websocket\websocket-api\9.4.7.v20170914\websocket-api-9.4.7.v20170914.jar;C:\Users\Ajith\.m2\repository\org\eclipse\jetty\websocket\websocket-client\9.4.7.v20170914\websocket-client-9.4.7.v20170914.jar;C:\Users\Ajith\.m2\repository\org\eclipse\jetty\websocket\websocket-common\9.4.7.v20170914\websocket-common-9.4.7.v20170914.jar;C:\Users\Ajith\.m2\repository\xalan\serializer\2.7.2\serializer-2.7.2.jar;C:\Users\Ajith\.m2\repository\xalan\xalan\2.7.2\xalan-2.7.2.jar;C:\Users\Ajith\.m2\repository\xerces\xercesImpl\2.11.0\xercesImpl-2.11.0.jar;C:\Users\Ajith\.m2\repository\xml-apis\xml-apis\1.4.01\xml-apis-1.4.01.jar;C:\Users\Ajith\.m2\repository\org\yaml\snakeyaml\1.15\snakeyaml-1.15.jar;C:\Users\Ajith\.m2\repository\org\testng\testng\6.14.2\testng-6.14.2.jar;C:\Users\Ajith\.m2\repository\org\apache-extras\beanshell\bsh\2.0b6\bsh-2.0b6.jar;C:\Users\Ajith\.m2\repository\org\apache\poi\poi\3.17\poi-3.17.jar;C:\Users\Ajith\.m2\repository\org\apache\commons\commons-collections4\4.1\commons-collections4-4.1.jar;C:\Users\Ajith\.m2\repository\org\apache\poi\poi-ooxml\3.17\poi-ooxml-3.17.jar;C:\Users\Ajith\.m2\repository\org\apache\poi\poi-scratchpad\3.17\poi-scratchpad-3.17.jar;C:\Users\Ajith\.m2\repository\org\apache\poi\poi-ooxml-schemas\3.17\poi-ooxml-schemas-3.17.jar;C:\Users\Ajith\.m2\repository\org\apache\poi\poi-examples\3.17\poi-examples-3.17.jar;C:\Users\Ajith\.m2\repository\org\apache\poi\poi-excelant\3.17\poi-excelant-3.17.jar;C:\Users\Ajith\.m2\repository\org\apache\ant\ant\1.8.2\ant-1.8.2.jar;C:\Users\Ajith\.m2\repository\org\apache\ant\ant-launcher\1.8.2\ant-launcher-1.8.2.jar;C:\Users\Ajith\.m2\repository\commons-codec\commons-codec\1.11\commons-codec-1.11.jar;C:\Users\Ajith\.m2\repository\commons-io\commons-io\2.6\commons-io-2.6.jar;C:\Users\Ajith\.m2\repository\commons-logging\commons-logging-api\1.1\commons-logging-api-1.1.jar;C:\Users\Ajith\.m2\repository\com\github\virtuald\curvesapi\1.05\curvesapi-1.05.jar;C:\Users\Ajith\.m2\repository\org\apache\xmlbeans\xmlbeans\2.6.0\xmlbeans-2.6.0.jar;C:\Users\Ajith\.m2\repository\stax\stax-api\1.0.1\stax-api-1.0.1.jar;C:\Users\Ajith\.m2\repository\org\apache\logging\log4j\log4j-core\2.9.1\log4j-core-2.9.1.jar;C:\Users\Ajith\.m2\repository\org\apache\logging\log4j\log4j-api\2.9.1\log4j-api-2.9.1.jar;C:\Users\Ajith\.m2\repository\com\relevantcodes\extentreports\2.41.2\extentreports-2.41.2.jar;C:\Users\Ajith\.m2\repository\org\jsoup\jsoup\1.8.3\jsoup-1.8.3.jar;C:\Users\Ajith\.m2\repository\org\xerial\sqlite-jdbc\3.8.11.1\sqlite-jdbc-3.8.11.1.jar;C:\Users\Ajith\.m2\repository\org\freemarker\freemarker\2.3.23\freemarker-2.3.23.jar;C:\Users\Ajith\.m2\repository\org\mongodb\mongodb-driver\3.0.4\mongodb-driver-3.0.4.jar;C:\Users\Ajith\.m2\repository\org\mongodb\bson\3.0.4\bson-3.0.4.jar;C:\Users\Ajith\.m2\repository\org\mongodb\mongodb-driver-core\3.0.4\mongodb-driver-core-3.0.4.jar;"/>
    <property name="sun.cpu.endian" value="little"/>
    <property name="user.home" value="C:\Users\Ajith"/>
    <property name="user.language" value="en"/>
    <property name="java.specification.vendor" value="Oracle Corporation"/>
    <property name="java.home" value="C:\Program Files\Java\jdk1.8.0_144\jre"/>
    <property name="basedir" value="D:\Ajit\Selenium Projects\New Batches\Evening\March2019\WeekendMarch_AutomationFramework"/>
    <property name="file.separator" value="\"/>
    <property name="line.separator" value="&#10;"/>
    <property name="java.vm.specification.vendor" value="Oracle Corporation"/>
    <property name="java.specification.name" value="Java Platform API Specification"/>
    <property name="java.awt.graphicsenv" value="sun.awt.Win32GraphicsEnvironment"/>
    <property name="surefire.real.class.path" value="C:\Users\Ajith\AppData\Local\Temp\surefire6953315299679108016\surefirebooter3505902847397725669.jar"/>
    <property name="sun.boot.class.path" value="C:\Program Files\Java\jdk1.8.0_144\jre\lib\resources.jar;C:\Program Files\Java\jdk1.8.0_144\jre\lib\rt.jar;C:\Program Files\Java\jdk1.8.0_144\jre\lib\sunrsasign.jar;C:\Program Files\Java\jdk1.8.0_144\jre\lib\jsse.jar;C:\Program Files\Java\jdk1.8.0_144\jre\lib\jce.jar;C:\Program Files\Java\jdk1.8.0_144\jre\lib\charsets.jar;C:\Program Files\Java\jdk1.8.0_144\jre\lib\jfr.jar;C:\Program Files\Java\jdk1.8.0_144\jre\classes"/>
    <property name="user.script" value=""/>
    <property name="sun.management.compiler" value="HotSpot 64-Bit Tiered Compilers"/>
    <property name="java.runtime.version" value="1.8.0_144-b01"/>
    <property name="user.name" value="Ajith"/>
    <property name="path.separator" value=";"/>
    <property name="os.version" value="6.1"/>
    <property name="java.endorsed.dirs" value="C:\Program Files\Java\jdk1.8.0_144\jre\lib\endorsed"/>
    <property name="java.runtime.name" value="Java(TM) SE Runtime Environment"/>
    <property name="file.encoding" value="Cp1252"/>
    <property name="java.vm.name" value="Java HotSpot(TM) 64-Bit Server VM"/>
    <property name="localRepository" value="C:\Users\Ajith\.m2\repository"/>
    <property name="java.vendor.url.bug" value="http://bugreport.sun.com/bugreport/"/>
    <property name="java.io.tmpdir" value="C:\Users\Ajith\AppData\Local\Temp\"/>
    <property name="java.version" value="1.8.0_144"/>
    <property name="user.dir" value="D:\Ajit\Selenium Projects\New Batches\Evening\March2019\WeekendMarch_AutomationFramework"/>
    <property name="os.arch" value="amd64"/>
    <property name="java.vm.specification.name" value="Java Virtual Machine Specification"/>
    <property name="java.awt.printerjob" value="sun.awt.windows.WPrinterJob"/>
    <property name="sun.os.patch.level" value="Service Pack 1"/>
    <property name="java.library.path" value="C:\Program Files\Java\jdk1.8.0_144\jre\bin;C:\Windows\Sun\Java\bin;C:\Windows\system32;C:\Windows;C:/Program Files/Java/jre1.8.0_144/bin/server;C:/Program Files/Java/jre1.8.0_144/bin;C:/Program Files/Java/jre1.8.0_144/lib/amd64;C:\ProgramData\Oracle\Java\javapath;C:\Windows\system32;C:\Windows;C:\Windows\System32\Wbem;C:\Windows\System32\WindowsPowerShell\v1.0\;C:\Program Files (x86)\Intel\OpenCL SDK\2.0\bin\x86;C:\Program Files (x86)\Intel\OpenCL SDK\2.0\bin\x64;C:\Program Files\Java\jdk1.8.0_144\bin;C:\Program Files\TortoiseGit\bin;C:\Program Files\Git\cmd;D:\Ajit\selenium softwaresssssssssssss\apache-maven-3.6.0-bin\apache-maven-3.6.0\bin;C:\Users\Ajith\AppData\Local\Programs\Python\Python37-32\Scripts\;C:\Users\Ajith\AppData\Local\Programs\Python\Python37-32\;C:\Users\Ajith\AppData\Local\GitHubDesktop\bin;D:\Others\Java\eclipse;;."/>
    <property name="java.vm.info" value="mixed mode"/>
    <property name="java.vendor" value="Oracle Corporation"/>
    <property name="java.vm.version" value="25.144-b01"/>
    <property name="java.ext.dirs" value="C:\Program Files\Java\jdk1.8.0_144\jre\lib\ext;C:\Windows\Sun\Java\lib\ext"/>
    <property name="sun.io.unicode.encoding" value="UnicodeLittle"/>
    <property name="java.class.version" value="52.0"/>
  </properties>
  <testcase name="testValidLogin" classname="scripts.TestValidLogin" time="14.62">
    <failure message="Expected condition failed: waiting for title to be &quot;I dont know&quot;. Current title: &quot;actiTIME - Enter Time-Track&quot; (tried for 8 second(s) with 500 MILLISECONDS interval)&#10;Build info: version: &apos;3.8.1&apos;, revision: &apos;6e95a6684b&apos;, time: &apos;2017-12-01T18:33:54.468Z&apos;&#10;System info: host: &apos;AJITH-PC&apos;, ip: &apos;192.168.43.99&apos;, os.name: &apos;Windows 7&apos;, os.arch: &apos;amd64&apos;, os.version: &apos;6.1&apos;, java.version: &apos;1.8.0_144&apos;&#10;Driver info: org.openqa.selenium.firefox.FirefoxDriver&#10;Capabilities {acceptInsecureCerts: true, browserName: firefox, browserVersion: 57.0, javascriptEnabled: true, moz:accessibilityChecks: false, moz:headless: false, moz:processID: 4352, moz:profile: C:\Users\Ajith\AppData\Loca..., moz:webdriverClick: false, pageLoadStrategy: normal, platform: XP, platformName: XP, platformVersion: 6.1, rotatable: false, timeouts: {implicit: 0, pageLoad: 300000, script: 30000}}&#10;Session ID: c8fc7a54-e616-49f1-8427-ae79b7b07fa5" type="org.openqa.selenium.TimeoutException">org.openqa.selenium.TimeoutException: 
Expected condition failed: waiting for title to be "I dont know". Current title: "actiTIME - Enter Time-Track" (tried for 8 second(s) with 500 MILLISECONDS interval)
Build info: version: '3.8.1', revision: '6e95a6684b', time: '2017-12-01T18:33:54.468Z'
System info: host: 'AJITH-PC', ip: '192.168.43.99', os.name: 'Windows 7', os.arch: 'amd64', os.version: '6.1', java.version: '1.8.0_144'
Driver info: org.openqa.selenium.firefox.FirefoxDriver
Capabilities {acceptInsecureCerts: true, browserName: firefox, browserVersion: 57.0, javascriptEnabled: true, moz:accessibilityChecks: false, moz:headless: false, moz:processID: 4352, moz:profile: C:\Users\Ajith\AppData\Loca..., moz:webdriverClick: false, pageLoadStrategy: normal, platform: XP, platformName: XP, platformVersion: 6.1, rotatable: false, timeouts: {implicit: 0, pageLoad: 300000, script: 30000}}
Session ID: c8fc7a54-e616-49f1-8427-ae79b7b07fa5
	at scripts.TestValidLogin.testValidLogin(TestValidLogin.java:22)
</failure>
    <system-err><![CDATA[1555145060050	geckodriver	INFO	geckodriver 0.19.1
1555145060062	geckodriver	INFO	Listening on 127.0.0.1:44101
1555145060761	mozrunner::runner	INFO	Running command: "C:\\Program Files (x86)\\Mozilla Firefox\\firefox.exe" "-marionette" "-profile" "C:\\Users\\Ajith\\AppData\\Local\\Temp\\rust_mozprofile.DhH7cgd7T5jZ"
1555145061827	Marionette	INFO	Enabled via --marionette
Unable to read VR Path Registry from C:\Users\Ajith\AppData\Local\openvr\openvrpaths.vrpath
[Child 2284, Chrome_ChildThread] WARNING: pipe error: 109: file z:/build/build/src/ipc/chromium/src/chrome/common/ipc_channel_win.cc, line 346
[Child 2284, Chrome_ChildThread] WARNING: pipe error: 109: file z:/build/build/src/ipc/chromium/src/chrome/common/ipc_channel_win.cc, line 346
1555145068155	Marionette	INFO	Listening on port 49602
1555145068583	Marionette	WARN	TLS certificate errors will be ignored for this session
1555145070583	Marionette	DEBUG	Register listener.js for window 4294967297
Apr 13, 2019 2:14:30 PM org.openqa.selenium.remote.ProtocolHandshake createSession
INFO: Detected dialect: W3C
1555145070725	Marionette	DEBUG	Received DOM event "beforeunload" for "about:blank"
1555145070809	Marionette	DEBUG	Received DOM event "pagehide" for "about:blank"
1555145070810	Marionette	DEBUG	Received DOM event "unload" for "about:blank"
1555145073069	Marionette	DEBUG	Received DOM event "DOMContentLoaded" for "http://localhost:90/login.do"
1555145073204	Marionette	DEBUG	Received DOM event "pageshow" for "http://localhost:90/login.do"
1555145076083	Marionette	DEBUG	Received DOM event "beforeunload" for "http://localhost:90/login.do"
1555145077936	Marionette	DEBUG	Received DOM event "pagehide" for "http://localhost:90/login.do"
1555145077938	Marionette	DEBUG	Received DOM event "unload" for "http://localhost:90/login.do"
1555145079246	Marionette	DEBUG	Received DOM event "DOMContentLoaded" for "http://localhost:90/user/submit_tt.do"
1555145079470	Marionette	DEBUG	Received DOM event "pageshow" for "http://localhost:90/user/submit_tt.do"
]]></system-err>
  </testcase>
  <testcase name="testValidLogin" classname="scripts.TestInvalidLogin" time="7.383"/>
</testsuite>