<?xml version="1.0" encoding="UTF-8"?>
<!-- Generated by org.testng.reporters.JUnitReportReporter -->
<testsuite skipped="0" hostname="Ajith-PC" name="scripts.TestInvalidLogin" tests="1" failures="0" timestamp="13 Apr 2019 05:28:43 GMT" time="12.973" errors="0">
  <testcase name="testValidLogin" time="12.973" classname="scripts.TestInvalidLogin"/>
</testsuite> <!-- scripts.TestInvalidLogin -->
