<?xml version="1.0" encoding="UTF-8"?>
<!-- Generated by org.testng.reporters.JUnitReportReporter -->
<testsuite skipped="0" hostname="Ajith-PC" name="scripts.TestValidLogin" tests="1" failures="0" timestamp="14 Apr 2019 03:55:13 GMT" time="18.590" errors="0">
  <testcase name="testValidLogin" time="18.590" classname="scripts.TestValidLogin"/>
</testsuite> <!-- scripts.TestValidLogin -->
